<?xml version="1.0" encoding="UTF-8"?>
<!-- Generated by org.testng.reporters.JUnitReportReporter -->
<testsuite hostname="DESKTOP-7NU3G5N" failures="0" tests="1" name="runner.TestRunner" time="57.614" errors="0" timestamp="2020-12-03T08:32:56 GMT-08:00" skipped="0">
  <testcase classname="runner.TestRunner" name="feature" time="57.614"/>
  <system-out>
<br><img src='F:\eclipse-workspace\Sprint-2OpenTable\target\Destination\img1607013149659_01.png' height='300' width='300'/><br> <br><img src='F:\eclipse-workspace\Sprint-2OpenTable\target\Destination\img1607013158585_01.png' height='300' width='300'/><br> <br><img src='F:\eclipse-workspace\Sprint-2OpenTable\target\Destination\img1607013160897_01.png' height='300' width='300'/><br> <br><img src='F:\eclipse-workspace\Sprint-2OpenTable\target\Destination\img1607013163196_01.png' height='300' width='300'/><br> <br><img src='F:\eclipse-workspace\Sprint-2OpenTable\target\Destination\img1607013170626_01.png' height='300' width='300'/><br>  </system-out>
</testsuite> <!-- runner.TestRunner -->
